Arguments: 
  C:\Program Files\nodejs\node.exe C:\Users\Vanessa\AppData\Roaming\npm\node_modules\yarn\bin\yarn.js add —dev prettier

PATH: 
  C:\Users\Vanessa\bin;C:\Program Files\Git\mingw64\bin;C:\Program Files\Git\usr\local\bin;C:\Program Files\Git\usr\bin;C:\Program Files\Git\usr\bin;C:\Program Files\Git\mingw64\bin;C:\Program Files\Git\usr\bin;C:\Users\Vanessa\bin;C:\Windows\system32;C:\Windows;C:\Windows\System32\Wbem;C:\Windows\System32\WindowsPowerShell\v1.0;C:\Windows\System32\OpenSSH;C:\Program Files\Microsoft VS Code\bin;C:\Program Files\Git\cmd;C:\Program Files\nodejs;C:\Program Files\dotnet;C:\Users\Vanessa\AppData\Local\Microsoft\WindowsApps;C:\Users\Vanessa\AppData\Roaming\npm;C:\Program Files\Git\usr\bin\vendor_perl;C:\Program Files\Git\usr\bin\core_perl

Yarn version: 
  1.22.17

Node version: 
  16.13.1

Platform: 
  win32 x64

Trace: 
  TypeError [ERR_UNESCAPED_CHARACTERS]: https://registry.yarnpkg.com/—dev: Request path contains unescaped characters
      at new NodeError (node:internal/errors:371:5)
      at new ClientRequest (node:_http_client:154:13)
      at Object.request (node:https:353:10)
      at Request.module.exports.Request.start (C:\Users\Vanessa\AppData\Roaming\npm\node_modules\yarn\lib\cli.js:141445:32)
      at Request.module.exports.Request.end (C:\Users\Vanessa\AppData\Roaming\npm\node_modules\yarn\lib\cli.js:142204:10)
      at end (C:\Users\Vanessa\AppData\Roaming\npm\node_modules\yarn\lib\cli.js:141258:14)
      at Immediate.<anonymous> (C:\Users\Vanessa\AppData\Roaming\npm\node_modules\yarn\lib\cli.js:141272:7)
      at processImmediate (node:internal/timers:464:21)

npm manifest: 
  No manifest

yarn manifest: 
  No manifest

Lockfile: 
  No lockfile
